Exporter version: 6.2.4, Blender version: 2.81 (sub 16)
========= Conversion from Blender to Babylon.js =========
	Scene settings used :
		inline textures     :  false
		Material Type       :  PBR
		Positions Precision :  3
		Normals Precision   :  3
		UVs Precision       :  3
		Vert Color Precision:  3
		Mat Weight Precision:  2
		texture directory   :  C:\Users\naren\Desktop\Naren\ScamMan\endless-runner-3d\public\assets\scenes\
	Python World class constructor completed
	processing begun of camera (UniversalCamera):  Camera
	processing begun of mesh:  Cylinder
		processing begun of material:  Material
			processing texture coin_euro
				WARNING: Exception during copy:
					'C:\\Users\\naren\\Desktop\\Naren\\ScamMan\\endless-runner-3d\\public\\assets\\scenes\\coin_euro.png' and 'C:\\Users\\naren\\Desktop\\Naren\\ScamMan\\endless-runner-3d\\public\\assets\\scenes\\coin_euro.png' are the same file
				texture type:  diffuseTexture, mapped using: "UVMap"
		num positions      :  309
		num normals        :  309
		num tangents       :  0
		num uvs            :  618
		num uvs2           :  0
		num colors         :  0
		num indices        :  372
	processing begun of light (POINT):  Light
========= Writing of JSON file started =========
	writing mesh:  Cylinder
========= Writing of JSON file completed =========
========= end of processing =========
elapsed time:  0 min, 0.363 secs
